<?xml version="1.0" encoding="UTF-8"?>
<testsuite hostname="phone063.lexisagency.com" name="seleniumScripts.byndAutoTests" tests="5" failures="0" timestamp="5 Feb 2013 12:44:49 GMT" time="12.578" errors="0">
  <testcase name="testDataProvider on instance null(seleniumScripts.byndAutoTests)" time="0.115" classname="seleniumScripts.byndAutoTests"/>
  <testcase name="testDataProvider on instance null(seleniumScripts.byndAutoTests)" time="1.067" classname="seleniumScripts.byndAutoTests"/>
  <testcase name="testDataProvider on instance null(seleniumScripts.byndAutoTests)" time="0.156" classname="seleniumScripts.byndAutoTests"/>
  <testcase name="testDataProvider on instance null(seleniumScripts.byndAutoTests)" time="0.1" classname="seleniumScripts.byndAutoTests"/>
  <testcase name="testDataProvider on instance null(seleniumScripts.byndAutoTests)" time="0.064" classname="seleniumScripts.byndAutoTests"/>
</testsuite>
